0 info it worked if it ends with ok
1 verbose cli [ '/usr/local/bin/node', '/usr/local/bin/npm', 'start' ]
2 info using npm@4.0.1
3 info using node@v4.3.1
4 verbose run-script [ 'prestart', 'start', 'poststart' ]
5 info lifecycle Luna@0.0.1~prestart: Luna@0.0.1
6 silly lifecycle Luna@0.0.1~prestart: no script for prestart, continuing
7 info lifecycle Luna@0.0.1~start: Luna@0.0.1
8 verbose lifecycle Luna@0.0.1~start: unsafe-perm in lifecycle true
9 verbose lifecycle Luna@0.0.1~start: PATH: /usr/local/lib/node_modules/npm/bin/node-gyp-bin:/Users/zhouxiaoxia/workspace/sofia/luna/node_modules/.bin:/Library/Frameworks/Python.framework/Versions/3.6/bin:/usr/local/bin:/usr/bin:/bin:/usr/sbin:/sbin:/Users/zhouxiaoxia/Library/Python/2.7/bin/
10 verbose lifecycle Luna@0.0.1~start: CWD: /Users/zhouxiaoxia/workspace/sofia/luna
11 silly lifecycle Luna@0.0.1~start: Args: [ '-c', 'grunt && tsc && concurrently "npm run tsc:w" ' ]
12 silly lifecycle Luna@0.0.1~start: Returned: code: 2  signal: null
13 info lifecycle Luna@0.0.1~start: Failed to exec start script
14 verbose stack Error: Luna@0.0.1 start: `grunt && tsc && concurrently "npm run tsc:w" `
14 verbose stack Exit status 2
14 verbose stack     at EventEmitter.<anonymous> (/usr/local/lib/node_modules/npm/lib/utils/lifecycle.js:279:16)
14 verbose stack     at emitTwo (events.js:87:13)
14 verbose stack     at EventEmitter.emit (events.js:172:7)
14 verbose stack     at ChildProcess.<anonymous> (/usr/local/lib/node_modules/npm/lib/utils/spawn.js:40:14)
14 verbose stack     at emitTwo (events.js:87:13)
14 verbose stack     at ChildProcess.emit (events.js:172:7)
14 verbose stack     at maybeClose (internal/child_process.js:821:16)
14 verbose stack     at Process.ChildProcess._handle.onexit (internal/child_process.js:211:5)
15 verbose pkgid Luna@0.0.1
16 verbose cwd /Users/zhouxiaoxia/workspace/sofia/luna/luna
17 error Darwin 16.6.0
18 error argv "/usr/local/bin/node" "/usr/local/bin/npm" "start"
19 error node v4.3.1
20 error npm  v4.0.1
21 error code ELIFECYCLE
22 error Luna@0.0.1 start: `grunt && tsc && concurrently "npm run tsc:w" `
22 error Exit status 2
23 error Failed at the Luna@0.0.1 start script 'grunt && tsc && concurrently "npm run tsc:w" '.
23 error Make sure you have the latest version of node.js and npm installed.
23 error If you do, this is most likely a problem with the Luna package,
23 error not with npm itself.
23 error Tell the author that this fails on your system:
23 error     grunt && tsc && concurrently "npm run tsc:w"
23 error You can get information on how to open an issue for this project with:
23 error     npm bugs Luna
23 error Or if that isn't available, you can get their info via:
23 error     npm owner ls Luna
23 error There is likely additional logging output above.
24 verbose exit [ 1, true ]
